Shipping Working and Maintainable Code

* Python standard library comes with the 'unittest' module
 - unit tests
 - integration tests
 - acceptance tests

* unittest - automated & repeatable

 -* TestCase
   - Groups together related test functions
    - Basic unit of test organization in 'unittest'

 -* Fixtures
   - code run before and/or after each test function
    - tear-down / clean-up fixture

 -* Assertion
   - Specific test for conditions and behaviors
    - simple boolean checks # x.is_valid()
    - equality tests        # x == y
    - Verify proper exceptions are thrown
        raise ValueError()

 - If an Assertion fails, then a test fails.

* Test-Driven Development
 - take filename argument
 - read file
 - calculate lines and characters

# In the Terminal run :
:
Microsoft Windows [Version 6.3.9600]
(c) 2013 Microsoft Corporation. All rights reserved.

C:\Users\***\Desktop\python-psq\pspyfundamentals>python text_analyzer.py
E
======================================================================
ERROR: test_function_runs (__main__.TextAnalysisTest)
Basic smoke test: does the function run.
----------------------------------------------------------------------
Traceback (most recent call last):
  File "text_analyzer.py", line 9, in test_function_runs
    analyze_text()
NameError: name 'analyze_text' is not defined

----------------------------------------------------------------------
Ran 1 test in 0.001s

FAILED (errors=1)


PDB (The Python DeBugger)
>>> import pdb
>>> pdb.set_trace()
--Return--
> <stdin>(1)<module>()->None
(Pdb) help

Documented commands (type help <topic>):
========================================
EOF    c          d        h         list      q        rv       undisplay
a      cl         debug    help      ll        quit     s        unt
alias  clear      disable  ignore    longlist  r        source   until
args   commands   display  interact  n         restart  step     up
b      condition  down     j         next      return   tbreak   w
break  cont       enable   jump      p         retval   u        whatis
bt     continue   exit     l         pp        run      unalias  where

Miscellaneous help topics:
==========================
exec  pdb

(Pdb)

# In the Terminal run :

$ python -m pdb palindrome.py
# PDB Commands used :
(Pdb) where
(Pdb) next
(Pdb) cont
(Pdb) list
(Pdb) return

# Ran pdb.set_trace() function
# Ran 3 tests in 0.001s

Virtual Environments
* light-weight, self-contained Python installation
* venv - with the standard library module

# In the Terminal run :
:
C:\Users\***\Desktop\python-psq>python -m venv
usage: venv [-h] [--system-site-packages] [--symlinks | --copies] [--clear]
            [--upgrade] [--without-pip] [--prompt PROMPT]
            ENV_DIR [ENV_DIR ...]
venv: error: the following arguments are required: ENV_DIR
# or
https://pypi.org/project/virtualenv/

# Create a venv5 environment
python -m venv venv5
venv5\Scripts\activate # for Windows
source venv5\Scripts\activate # for Linux
(venv5) $ deactivate
$

